<?xml version="1.0" encoding="UTF-8"?>
<!-- Generated by org.testng.reporters.JUnitReportReporter -->
<testsuite hostname="LAPTOP-R3LCAQ1L" failures="0" tests="1" name="com.vpd.testcases.VpdLoginThrowExcel" time="38.220" errors="0" timestamp="2020-10-08T15:27:11 IST" skipped="0">
  <testcase classname="com.vpd.testcases.VpdLoginThrowExcel" name="loginApp" time="38.220"/>
  <system-out/>
</testsuite> <!-- com.vpd.testcases.VpdLoginThrowExcel -->
