<?xml version="1.0" encoding="UTF-8"?>
<!-- Generated by org.testng.reporters.JUnitReportReporter -->
<testsuite hostname="LAPTOP-R3LCAQ1L" failures="0" tests="1" name="com.vpd.start.AdminLogin" time="29.544" errors="0" timestamp="2020-10-09T16:36:38 IST" skipped="0">
  <testcase classname="com.vpd.start.AdminLogin" name="loginadminuser" time="29.544"/>
  <system-out/>
</testsuite> <!-- com.vpd.start.AdminLogin -->
